  Compiling CUDA source file kernel.cu...
  Compiling CUDA source file LbpCuda.cu...
  
  C:\Users\Simone Casini\source\repos\prototipo\prototipo>"C:\Program Files\NVIDIA GPU Computing Toolkit\CUDA\v10.1\bin\nvcc.exe" -gencode=arch=compute_35,code=\"sm_35,compute_35\" --use-local-env -ccbin "C:\Program Files (x86)\Microsoft Visual Studio\2017\Community\VC\Tools\MSVC\14.16.27023\bin\HostX86\x64" -x cu  -I"C:\Program Files\NVIDIA GPU Computing Toolkit\CUDA\v10.1\include" -I"C:\Program Files\NVIDIA GPU Computing Toolkit\CUDA\v10.1\include"     --keep-dir x64\Release -maxrregcount=0  --machine 64 --compile -cudart static     -DWIN32 -DWIN64 -DNDEBUG -D_CONSOLE -D_MBCS -Xcompiler "/EHsc /W3 /nologo /O2 /Fdx64\Release\vc141.pdb /FS /Zi  /MD " -o x64\Release\LbpCuda.cu.obj "C:\Users\Simone Casini\source\repos\prototipo\prototipo\LbpCuda.cu" 
  
  C:\Users\Simone Casini\source\repos\prototipo\prototipo>"C:\Program Files\NVIDIA GPU Computing Toolkit\CUDA\v10.1\bin\nvcc.exe" -gencode=arch=compute_35,code=\"sm_35,compute_35\" --use-local-env -ccbin "C:\Program Files (x86)\Microsoft Visual Studio\2017\Community\VC\Tools\MSVC\14.16.27023\bin\HostX86\x64" -x cu  -I"C:\Program Files\NVIDIA GPU Computing Toolkit\CUDA\v10.1\include" -I"C:\Program Files\NVIDIA GPU Computing Toolkit\CUDA\v10.1\include"     --keep-dir x64\Release -maxrregcount=0  --machine 64 --compile -cudart static     -DWIN32 -DWIN64 -DNDEBUG -D_CONSOLE -D_MBCS -Xcompiler "/EHsc /W3 /nologo /O2 /Fdx64\Release\vc141.pdb /FS /Zi  /MD " -o x64\Release\kernel.cu.obj "C:\Users\Simone Casini\source\repos\prototipo\prototipo\kernel.cu" 
c:\users\simone casini\source\repos\prototipo\prototipo\LbpPar.h(20): warning : type qualifier on return type is meaningless
  
c:\users\simone casini\source\repos\prototipo\prototipo\LbpPar.h(20): warning : type qualifier on return type is meaningless
  
  LbpCuda.cu
  kernel.cu
C:/Users/Simone Casini/source/repos/prototipo/prototipo/LbpCuda.cu(141): warning C4244: 'argomento': conversione da 'unsigned int' a 'float'. Possibile perdita di dati.
C:/Users/Simone Casini/source/repos/prototipo/prototipo/LbpCuda.cu(178): warning C4018: '>': errata corrispondenza tra signed e unsigned
  AbstractLbp.cpp
c:\users\simone casini\source\repos\prototipo\prototipo\abstractlbp.cpp(69): warning C4018: '>=': errata corrispondenza tra signed e unsigned
c:\users\simone casini\source\repos\prototipo\prototipo\abstractlbp.cpp(78): warning C4244: 'inizializzazione': conversione da 'double' a 'float'. Possibile perdita di dati.
c:\users\simone casini\source\repos\prototipo\prototipo\abstractlbp.cpp(81): warning C4018: '<': errata corrispondenza tra signed e unsigned
c:\users\simone casini\source\repos\prototipo\prototipo\abstractlbp.cpp(107): warning C4101: 'e': variabile locale senza riferimenti
c:\users\simone casini\source\repos\prototipo\prototipo\abstractlbp.cpp(124): warning C4244: 'return': conversione da 'double' a 'long'. Possibile perdita di dati.
  Benchmark.cpp
c:\users\simone casini\source\repos\prototipo\prototipo\benchmark.cpp(15): warning C4244: 'return': conversione da '_Rep' a 'long'. Possibile perdita di dati.
          with
          [
              _Rep=__int64
          ]
c:\users\simone casini\source\repos\prototipo\prototipo\benchmark.cpp(19): warning C4244: 'return': conversione da '_Rep' a 'long'. Possibile perdita di dati.
          with
          [
              _Rep=__int64
          ]
  LbpPar.cpp
c:\users\simone casini\source\repos\prototipo\prototipo\lbppar.cpp(35): warning C4018: '<': errata corrispondenza tra signed e unsigned
c:\users\simone casini\source\repos\prototipo\prototipo\lbppar.cpp(92): warning C4101: 'remainder': variabile locale senza riferimenti
  LbpSeq.cpp
c:\users\simone casini\source\repos\prototipo\prototipo\lbpseq.cpp(33): warning C4018: '<': errata corrispondenza tra signed e unsigned
  lodepng.cpp
c:\users\simone casini\source\repos\prototipo\prototipo\lodepng.cpp(798): warning C4334: '<<': risultato dello shift a 32 bit convertito in 64 bit in modo implicito (si intendeva eseguire lo shift a 64-bit?)
c:\users\simone casini\source\repos\prototipo\prototipo\lodepng.cpp(1460): warning C4267: '=': conversione da 'size_t' a 'int'. Possibile perdita di dati.
c:\users\simone casini\source\repos\prototipo\prototipo\lodepng.cpp(1464): warning C4267: '=': conversione da 'size_t' a 'int'. Possibile perdita di dati.
c:\users\simone casini\source\repos\prototipo\prototipo\lodepng.cpp(1536): warning C4267: '=': conversione da 'size_t' a 'unsigned int'. Possibile perdita di dati.
c:\users\simone casini\source\repos\prototipo\prototipo\lodepng.cpp(3480): warning C4334: '<<': risultato dello shift a 32 bit convertito in 64 bit in modo implicito (si intendeva eseguire lo shift a 64-bit?)
c:\users\simone casini\source\repos\prototipo\prototipo\lodepng.cpp(3494): warning C4267: 'argomento': conversione da 'size_t' a 'unsigned int'. Possibile perdita di dati.
c:\users\simone casini\source\repos\prototipo\prototipo\lodepng.cpp(4334): warning C4267: '=': conversione da 'size_t' a 'unsigned int'. Possibile perdita di dati.
c:\users\simone casini\source\repos\prototipo\prototipo\lodepng.cpp(4382): warning C4267: '=': conversione da 'size_t' a 'unsigned int'. Possibile perdita di dati.
c:\users\simone casini\source\repos\prototipo\prototipo\lodepng.cpp(4462): warning C4267: '=': conversione da 'size_t' a 'unsigned int'. Possibile perdita di dati.
c:\users\simone casini\source\repos\prototipo\prototipo\lodepng.cpp(5405): warning C4267: 'inizializzazione': conversione da 'size_t' a 'unsigned int'. Possibile perdita di dati.
     Creazione della libreria C:\Users\Simone Casini\source\repos\prototipo\x64\Release\prototipo.lib e dell'oggetto C:\Users\Simone Casini\source\repos\prototipo\x64\Release\prototipo.exp
  Generazione codice in corso...
  All 828 functions were compiled because no usable IPDB/IOBJ from previous compilation was found.
  Generazione codice terminata
  prototipo.vcxproj -> C:\Users\Simone Casini\source\repos\prototipo\x64\Release\prototipo.exe
